<?xml version="1.0" encoding="UTF-8"?>
<testng-results skipped="0" failed="0" total="1" passed="1">
  <reporter-output>
  </reporter-output>
  <suite name="Default suite" duration-ms="76" started-at="2021-09-22T16:18:49Z" finished-at="2021-09-22T16:18:49Z">
    <groups>
    </groups>
    <test name="Default test" duration-ms="76" started-at="2021-09-22T16:18:49Z" finished-at="2021-09-22T16:18:49Z">
      <class name="Demo.SOLO">
        <test-method status="PASS" signature="login()[pri:0, instance:Demo.SOLO@f438e]" name="login" duration-ms="61" started-at="2021-09-22T21:48:49Z" finished-at="2021-09-22T21:48:49Z">
          <reporter-output>
          </reporter-output>
        </test-method> <!-- login -->
      </class> <!-- Demo.SOLO -->
    </test> <!-- Default test -->
  </suite> <!-- Default suite -->
</testng-results>
